2025/04/09 09:50:34 DFAST pipeline started. (version 1.3.6)
2025/04/09 09:50:34 Results will be generated into 'dfast_output'.
2025/04/09 09:50:34 Loading a genomic fasta file from spadesout/scaffolds.fasta
2025/04/09 09:50:34 Genome source information: organism=, strain=
2025/04/09 09:50:34 The query genome is treated as a draft genome with 221 sequences.
2025/04/09 09:50:34 Sequences are sorted by length (from longer to shorter).
2025/04/09 09:50:34 Sequences shorter than 200 will be eliminated.
2025/04/09 09:50:34 Sequences will be renamed as sequence001, sequence002...
2025/04/09 09:50:34 Locus_tag settings: locus_tag_prefix=LOCUS and step=10.
2025/04/09 09:50:34 Locus_tags are assigned separately to each feature type. e.g. CDS: LOCUS_000xx, rRNA: LOCUS_r000xx, tRNA: LOCUS_t000xx, tmRNA: LOCUS_tm000xx.
2025/04/09 09:50:34 Remove_Partial_Feature is enabled.
2025/04/09 09:50:34 Remove_Overlapping_Feature is enabled. Priority: ['assembly_gap', 'CRISPR', ('tmRNA', 'tRNA', 'rRNA'), 'CDS']
2025/04/09 09:50:34 Initializing structural annotation tools... 
2025/04/09 09:50:34 GAPannotator initialized. (Version 1.0)
2025/04/09 09:50:34 Setting GAPannotator options. {'len_cutoff': 5, 'linkage_evidence': 'paired-ends', 'gap_type': 'within scaffold'}
2025/04/09 09:50:34 Checking MetaGeneAnnotator... 
2025/04/09 09:50:34 MetaGeneAnnotator initialized. (Version 2008/08/19)
2025/04/09 09:50:34 Setting MetaGeneAnnotator options. {'cmd_options': '-s', 'transl_table': 11}
2025/04/09 09:50:34 Checking Aragorn version... 
2025/04/09 09:50:34 Aragorn initialized. (Version 1.2.41)
2025/04/09 09:50:34 Setting Aragorn options. {'gcode': '-gcbact', 'cmd_options': '-l', 'transl_table': 11}
2025/04/09 09:50:34 Checking Barrnap version... 
2025/04/09 09:50:35 Barrnap initialized. (Version 0.9)
2025/04/09 09:50:35 Checking CRT version... 
2025/04/09 09:50:35 CRT initialized. (Version 1.2)
2025/04/09 09:50:35 Setting CRT options. {'jar_file': '/Users/ciarablanco/miniconda3/envs/genomeanalysis/opt/dfast-1.3.6/bin/common/CRT1.2-CLI.jar', 'java_options': '', 'cmd_options': ''}
2025/04/09 09:50:35 Checking Java version... 
2025/04/09 09:50:35 Java initialized. (Version 23.0.2)
2025/04/09 09:50:35 Initializing contig annotation tools... 
2025/04/09 09:50:35 Initializing annotation components... 
2025/04/09 09:50:35 DBsearch initialized.
2025/04/09 09:50:35 Setting DBsearch options. {'skipAnnotatedFeatures': True, 'evalue_cutoff': 1e-06, 'qcov_cutoff': 75, 'scov_cutoff': 75, 'pident_cutoff': 0, 'aligner': 'ghostx', 'aligner_options': {}, 'database': '/Users/ciarablanco/miniconda3/envs/genomeanalysis/opt/dfast-1.3.6/db/protein/DFAST-default.ref', 'db_name': ''}
2025/04/09 09:50:35 Checking GHOSTX version... 
2025/04/09 09:50:35 GHOSTX initialized. (Version 1.3.6)
2025/04/09 09:50:36 Reference DB loaded. 381721 sequences. [version=1.2.1, dbname=DFAST-default, contributor=yt,ddbj, modified=20240214]
2025/04/09 09:50:36 PseudoGeneDetection initialized.
2025/04/09 09:50:36 Setting PseudoGeneDetection options. {'cpu': 1, 'skipAnnotatedFeatures': False, 'extension': 300, 'scov_cutoff': 85, 'transl_table': 11}
2025/04/09 09:50:36 Checking lastdb version... 
2025/04/09 09:50:37 lastdb initialized. (Version 959)
2025/04/09 09:50:37 Setting lastdb options. {'cpu': 1, 'skipAnnotatedFeatures': False, 'extension': 300, 'scov_cutoff': 85, 'transl_table': 11}
2025/04/09 09:50:37 Checking lastal version... 
2025/04/09 09:50:37 lastal initialized. (Version 959)
2025/04/09 09:50:37 Setting lastal options. {'cpu': 1, 'skipAnnotatedFeatures': False, 'extension': 300, 'scov_cutoff': 85, 'transl_table': 11}
2025/04/09 09:50:37 Checking Blastp version... 
2025/04/09 09:50:38 Blastp initialized. (Version 2.16.0)
2025/04/09 09:50:38 HMMscan initialized.
2025/04/09 09:50:38 Setting HMMscan options. {'skipAnnotatedFeatures': True, 'evalue_cutoff': 1e-06, 'database': '/Users/ciarablanco/miniconda3/envs/genomeanalysis/opt/dfast-1.3.6/db/hmm/TIGRFAMs_15.0_HMM.LIB', 'db_name': 'TIGR', 'cmd_options': ''}
2025/04/09 09:50:38 Checking hmmscan version... 
2025/04/09 09:50:39 hmmscan initialized. (Version 3.4)
2025/04/09 09:50:39 Setting hmmscan options. {'skipAnnotatedFeatures': True, 'evalue_cutoff': 1e-06, 'database': '/Users/ciarablanco/miniconda3/envs/genomeanalysis/opt/dfast-1.3.6/db/hmm/TIGRFAMs_15.0_HMM.LIB', 'db_name': 'TIGR', 'cmd_options': ''}
2025/04/09 09:50:39 CDDsearch initialized.
2025/04/09 09:50:39 Setting CDDsearch options. {'skipAnnotatedFeatures': False, 'evalue_cutoff': 1e-06, 'database': '/Users/ciarablanco/miniconda3/envs/genomeanalysis/opt/dfast-1.3.6/db/cdd/Cog', 'rpsbproc_data': '/Users/ciarablanco/miniconda3/envs/genomeanalysis/opt/dfast-1.3.6/bin/common/rpsbproc_data'}
2025/04/09 09:50:39 Checking RPSblast version... 
2025/04/09 09:50:40 RPSblast initialized. (Version 2.16.0)
2025/04/09 09:50:40 Setting RPSblast options. {'skipAnnotatedFeatures': False, 'evalue_cutoff': 1e-06, 'database': '/Users/ciarablanco/miniconda3/envs/genomeanalysis/opt/dfast-1.3.6/db/cdd/Cog', 'rpsbproc_data': '/Users/ciarablanco/miniconda3/envs/genomeanalysis/opt/dfast-1.3.6/bin/common/rpsbproc_data'}
2025/04/09 09:50:40 Checking rpsbproc version... 
2025/04/09 09:50:41 rpsbproc initialized. (Version 0.1)
2025/04/09 09:50:41 Setting rpsbproc options. {'skipAnnotatedFeatures': False, 'evalue_cutoff': 1e-06, 'database': '/Users/ciarablanco/miniconda3/envs/genomeanalysis/opt/dfast-1.3.6/db/cdd/Cog', 'rpsbproc_data': '/Users/ciarablanco/miniconda3/envs/genomeanalysis/opt/dfast-1.3.6/bin/common/rpsbproc_data'}
2025/04/09 09:50:41 Start structural annotation process using 2 CPUs
2025/04/09 09:50:46 1 assembly_gap features were detected by GAPannotator.
2025/04/09 09:50:47 3717 CDS features were detected by MetaGeneAnnotator.
2025/04/09 09:50:47 96 tRNA features were detected by Aragorn.
2025/04/09 09:50:47 8 rRNA features were detected by Barrnap.
2025/04/09 09:50:47 0 CRISPR (later will be replaced by repeat_region) features were detected by CRT.
2025/04/09 09:50:47 Removed 10 overlapping features.
2025/04/09 09:50:47 Start executing functional annotation components.
2025/04/09 09:50:47 DBsearch will be performed using 2 CPUs.
2025/04/09 09:51:55 DBsearch done 1/2.
2025/04/09 09:51:56 DBsearch done 2/2.
2025/04/09 09:51:56 Last format DB will be performed using 1 CPUs.
2025/04/09 09:51:56 Last format DB done 1/1.
2025/04/09 09:51:56 Last alignment will be performed using 1 CPUs.
2025/04/09 09:51:57 Last alignment done 1/1.
2025/04/09 09:51:57 26 CDS features were marked as possible pseudo due to internal stop codons.
2025/04/09 09:51:57 19 CDS features were marked as possible pseudo due to frameshift.
2025/04/09 09:51:57 HMMscan will be performed using 2 CPUs.
2025/04/09 09:52:37 HMMscan done 2/2.
2025/04/09 09:52:38 HMMscan done 1/2.
2025/04/09 09:52:38 Collecting HMMscan results.
2025/04/09 09:52:38 RPSblast will be performed using 2 CPUs.
2025/04/09 09:54:59 RPSblast done 2/2.
2025/04/09 09:55:00 RPSblast done 1/2.
2025/04/09 09:55:00 rpsbproc will be performed using 2 CPUs.
2025/04/09 09:55:03 rpsbproc done 1/2.
2025/04/09 09:55:03 rpsbproc done 2/2.
2025/04/09 09:55:03 Start contig annotation process using 2 CPUs
2025/04/09 09:55:03 Partial CDS predicted at sequence056:[<0:795](+) will be annotated as misc_feature
2025/04/09 09:55:03 Partial CDS predicted at sequence059:[29:>819](-) will be annotated as misc_feature
2025/04/09 09:55:03 Partial CDS predicted at sequence099:[<0:520](+) will be annotated as misc_feature
2025/04/09 09:55:03 Removed 181 partial features.
2025/04/09 09:55:03 Assigning locus_tags to CDS, rRNA, tRNA, tmRNA
2025/04/09 09:55:04 Setting output verbosity level to 3.
2025/04/09 09:55:04 Writing a genome fasta file to dfast_output/genome.fna
2025/04/09 09:55:04 Writing a CDS fasta file to dfast_output/cds.fna
2025/04/09 09:55:04 Writing a protein fasta file to dfast_output/protein.faa
2025/04/09 09:55:04 Writing an RNA fasta file to dfast_output/rna.fna
2025/04/09 09:55:04 Writing a GFF file to dfast_output/genome.gff
2025/04/09 09:55:04 Writing a GenBank format file to dfast_output/genome.gbk
2025/04/09 09:55:04 Writing an EMBL format file to dfast_output/genome.embl
2025/04/09 09:55:05 Writing a DDBJ annotation file to dfast_output/ddbj/mss.ann
2025/04/09 09:55:05 Writing a DDBJ sequence file to dfast_output/ddbj/mss.fasta
2025/04/09 09:55:06 [Experimental] DFAST Record JSON will not be generated. Please install dr_tools and use Python>=3.10.
2025/04/09 09:55:06 DFAST pipeline completed!
2025/04/09 09:55:06 Total running time: 0h4m31s
